Flow report for cache_hierarchy_top
Wed Jul 15 21:32:00 2026
Quartus II 64-Bit Version 13.1.0 Build 162 10/23/2013 SJ Web Edition


---------------------
; Table of Contents ;
---------------------
  1. Legal Notice
  2. Flow Summary
  3. Flow Settings
  4. Flow Non-Default Global Settings
  5. Flow Elapsed Time
  6. Flow OS Summary
  7. Flow Log
  8. Flow Messages
  9. Flow Suppressed Messages



----------------
; Legal Notice ;
----------------
Copyright (C) 1991-2013 Altera Corporation
Your use of Altera Corporation's design tools, logic functions 
and other software and tools, and its AMPP partner logic 
functions, and any output files from any of the foregoing 
(including device programming or simulation files), and any 
associated documentation or information are expressly subject 
to the terms and conditions of the Altera Program License 
Subscription Agreement, Altera MegaCore Function License 
Agreement, or other applicable license agreement, including, 
without limitation, that your use is for the sole purpose of 
programming logic devices manufactured by Altera and sold by 
Altera or its authorized distributors.  Please refer to the 
applicable agreement for further details.



+---------------------------------------------------------------------------------+
; Flow Summary                                                                    ;
+------------------------------------+--------------------------------------------+
; Flow Status                        ; Successful - Wed Jul 15 21:32:00 2026      ;
; Quartus II 64-Bit Version          ; 13.1.0 Build 162 10/23/2013 SJ Web Edition ;
; Revision Name                      ; cache_hierarchy_top                        ;
; Top-level Entity Name              ; cache_hierarchy_top                        ;
; Family                             ; Cyclone III                                ;
; Device                             ; EP3C25F324C6                               ;
; Timing Models                      ; Final                                      ;
; Total logic elements               ; 4,513 / 24,624 ( 18 % )                    ;
;     Total combinational functions  ; 3,158 / 24,624 ( 13 % )                    ;
;     Dedicated logic registers      ; 3,168 / 24,624 ( 13 % )                    ;
; Total registers                    ; 3168                                       ;
; Total pins                         ; 205 / 216 ( 95 % )                         ;
; Total virtual pins                 ; 0                                          ;
; Total memory bits                  ; 10,752 / 608,256 ( 2 % )                   ;
; Embedded Multiplier 9-bit elements ; 0 / 132 ( 0 % )                            ;
; Total PLLs                         ; 0 / 4 ( 0 % )                              ;
+------------------------------------+--------------------------------------------+


+-----------------------------------------+
; Flow Settings                           ;
+-------------------+---------------------+
; Option            ; Setting             ;
+-------------------+---------------------+
; Start date & time ; 07/15/2026 21:28:35 ;
; Main task         ; Compilation         ;
; Revision Name     ; cache_hierarchy_top ;
+-------------------+---------------------+


+----------------------------------------------------------------------------------------------------------------------------+
; Flow Non-Default Global Settings                                                                                           ;
+-------------------------------------+---------------------------------------+---------------+-------------+----------------+
; Assignment Name                     ; Value                                 ; Default Value ; Entity Name ; Section Id     ;
+-------------------------------------+---------------------------------------+---------------+-------------+----------------+
; COMPILER_SIGNATURE_ID               ; 119170007197570.178416171502080       ; --            ; --          ; --             ;
; EDA_OUTPUT_DATA_FORMAT              ; Vhdl                                  ; --            ; --          ; eda_simulation ;
; EDA_SIMULATION_TOOL                 ; ModelSim-Altera (VHDL)                ; <None>        ; --          ; --             ;
; FITTER_EFFORT                       ; Standard Fit                          ; Auto Fit      ; --          ; --             ;
; MAX_CORE_JUNCTION_TEMP              ; 85                                    ; --            ; --          ; --             ;
; MIN_CORE_JUNCTION_TEMP              ; 0                                     ; --            ; --          ; --             ;
; NOMINAL_CORE_SUPPLY_VOLTAGE         ; 1.2V                                  ; --            ; --          ; --             ;
; PARTITION_COLOR                     ; 16764057                              ; --            ; --          ; Top            ;
; PARTITION_FITTER_PRESERVATION_LEVEL ; PLACEMENT_AND_ROUTING                 ; --            ; --          ; Top            ;
; PARTITION_NETLIST_TYPE              ; SOURCE                                ; --            ; --          ; Top            ;
; POWER_BOARD_THERMAL_MODEL           ; None (CONSERVATIVE)                   ; --            ; --          ; --             ;
; POWER_PRESET_COOLING_SOLUTION       ; 23 MM HEAT SINK WITH 200 LFPM AIRFLOW ; --            ; --          ; --             ;
; PROJECT_OUTPUT_DIRECTORY            ; output_files                          ; --            ; --          ; --             ;
+-------------------------------------+---------------------------------------+---------------+-------------+----------------+


+-------------------------------------------------------------------------------------------------------------------------------+
; Flow Elapsed Time                                                                                                             ;
+---------------------------+--------------+-------------------------+---------------------+------------------------------------+
; Module Name               ; Elapsed Time ; Average Processors Used ; Peak Virtual Memory ; Total CPU Time (on all processors) ;
+---------------------------+--------------+-------------------------+---------------------+------------------------------------+
; Analysis & Synthesis      ; 00:00:36     ; 1.0                     ; 546 MB              ; 00:00:36                           ;
; Fitter                    ; 00:01:24     ; 1.0                     ; 838 MB              ; 00:01:24                           ;
; Assembler                 ; 00:00:03     ; 1.0                     ; 454 MB              ; 00:00:02                           ;
; TimeQuest Timing Analyzer ; 00:00:10     ; 1.0                     ; 527 MB              ; 00:00:10                           ;
; EDA Netlist Writer        ; 00:00:08     ; 1.0                     ; 448 MB              ; 00:00:08                           ;
; PowerPlay Power Analyzer  ; 00:00:11     ; 1.0                     ; 553 MB              ; 00:00:10                           ;
; Total                     ; 00:02:32     ; --                      ; --                  ; 00:02:30                           ;
+---------------------------+--------------+-------------------------+---------------------+------------------------------------+


+----------------------------------------------------------------------------------------+
; Flow OS Summary                                                                        ;
+---------------------------+------------------+-----------+------------+----------------+
; Module Name               ; Machine Hostname ; OS Name   ; OS Version ; Processor type ;
+---------------------------+------------------+-----------+------------+----------------+
; Analysis & Synthesis      ; Tesouraria-PC    ; Windows 7 ; 6.1        ; x86_64         ;
; Fitter                    ; Tesouraria-PC    ; Windows 7 ; 6.1        ; x86_64         ;
; Assembler                 ; Tesouraria-PC    ; Windows 7 ; 6.1        ; x86_64         ;
; TimeQuest Timing Analyzer ; Tesouraria-PC    ; Windows 7 ; 6.1        ; x86_64         ;
; EDA Netlist Writer        ; Tesouraria-PC    ; Windows 7 ; 6.1        ; x86_64         ;
; PowerPlay Power Analyzer  ; Tesouraria-PC    ; Windows 7 ; 6.1        ; x86_64         ;
+---------------------------+------------------+-----------+------------+----------------+


------------
; Flow Log ;
------------
quartus_map --read_settings_files=on --write_settings_files=off cache_hierarchy_top -c cache_hierarchy_top
quartus_fit --read_settings_files=off --write_settings_files=off cache_hierarchy_top -c cache_hierarchy_top
quartus_asm --read_settings_files=off --write_settings_files=off cache_hierarchy_top -c cache_hierarchy_top
quartus_sta cache_hierarchy_top -c cache_hierarchy_top
quartus_eda --read_settings_files=off --write_settings_files=off cache_hierarchy_top -c cache_hierarchy_top
quartus_pow --read_settings_files=on --write_settings_files=off cache_hierarchy_top -c cache_hierarchy_top



